<?xml version="1.0" encoding="utf-8"?><testsuites name="pytest tests"><testsuite name="pytest" errors="0" failures="0" skipped="0" tests="15" time="1.857" timestamp="2026-04-01T13:25:39.431242+00:00" hostname="agent-env-a4926b58-bb19-445e-ad8b-b647fc641cac"><testcase classname="backend.tests.test_acs_backend.TestHealth" name="test_health" time="0.135" /><testcase classname="backend.tests.test_acs_backend.TestAuth" name="test_login_success" time="0.275" /><testcase classname="backend.tests.test_acs_backend.TestAuth" name="test_login_wrong_password" time="0.277" /><testcase classname="backend.tests.test_acs_backend.TestAuth" name="test_me" time="0.493" /><testcase classname="backend.tests.test_acs_backend.TestStats" name="test_get_stats" time="0.054" /><testcase classname="backend.tests.test_acs_backend.TestDevices" name="test_get_devices" time="0.048" /><testcase classname="backend.tests.test_acs_backend.TestDevices" name="test_create_device" time="0.105" /><testcase classname="backend.tests.test_acs_backend.TestDevices" name="test_get_device_by_id" time="0.050" /><testcase classname="backend.tests.test_acs_backend.TestDevices" name="test_delete_device" time="0.052" /><testcase classname="backend.tests.test_acs_backend.TestRouterModels" name="test_get_router_models" time="0.050" /><testcase classname="backend.tests.test_acs_backend.TestACS" name="test_acs_status" time="0.050" /><testcase classname="backend.tests.test_acs_backend.TestSettings" name="test_get_settings" time="0.052" /><testcase classname="backend.tests.test_acs_backend.TestOperators" name="test_get_operators" time="0.047" /><testcase classname="backend.tests.test_acs_backend.TestOperators" name="test_create_operator" time="0.049" /><testcase classname="backend.tests.test_acs_backend.TestOperators" name="test_delete_operator" time="0.054" /></testsuite></testsuites>